Using pre-set license
Built from '2020.3/staging' branch; Version is '2020.3.33f1 (915a7af8b0d5) revision 9525882'; Using compiler version '192528614'; Build Type 'Release'
OS: 'Windows 10  (10.0.19044) 64bit Professional' Language: 'en' Physical Memory: 16334 MB
BatchMode: 1, IsHumanControllingUs: 0, StartBugReporterOnCrash: 0, Is64bit: 1, IsPro: 0

COMMAND LINE ARGUMENTS:
C:\Program Files\Unity\Hub\Editor\2020.3.33f1\Editor\Unity.exe
-adb2
-batchMode
-noUpm
-name
AssetImportWorker0
-projectPath
C:/Unity/Realm Rush
-logFile
Logs/AssetImportWorker0.log
-srvPort
64246
Successfully changed project path to: C:/Unity/Realm Rush
C:/Unity/Realm Rush
Using Asset Import Pipeline V2.
Refreshing native plugins compatible for Editor in 32.71 ms, found 2 plugins.
Preloading 0 native plugins for Editor in 0.00 ms.
Initialize engine version: 2020.3.33f1 (915a7af8b0d5)
[Subsystems] Discovering subsystems at path C:/Program Files/Unity/Hub/Editor/2020.3.33f1/Editor/Data/Resources/UnitySubsystems
[Subsystems] Discovering subsystems at path C:/Unity/Realm Rush/Assets
GfxDevice: creating device client; threaded=0
Direct3D:
    Version:  Direct3D 11.0 [level 11.1]
    Renderer: Radeon RX 570 Series (ID=0x67df)
    Vendor:   
    VRAM:     8170 MB
    Driver:   30.0.15021.1001
Initialize mono
Mono path[0] = 'C:/Program Files/Unity/Hub/Editor/2020.3.33f1/Editor/Data/Managed'
Mono path[1] = 'C:/Program Files/Unity/Hub/Editor/2020.3.33f1/Editor/Data/MonoBleedingEdge/lib/mono/unityjit'
Mono config path = 'C:/Program Files/Unity/Hub/Editor/2020.3.33f1/Editor/Data/MonoBleedingEdge/etc'
Using monoOptions --debugger-agent=transport=dt_socket,embedding=1,server=y,suspend=n,address=127.0.0.1:56256
Begin MonoManager ReloadAssembly
Registering precompiled unity dll's ...
Register platform support module: C:/Program Files/Unity/Hub/Editor/2020.3.33f1/Editor/Data/PlaybackEngines/WebGLSupport/UnityEditor.WebGL.Extensions.dll
Register platform support module: C:/Program Files/Unity/Hub/Editor/2020.3.33f1/Editor/Data/PlaybackEngines/WindowsStandaloneSupport/UnityEditor.WindowsStandalone.Extensions.dll
Registered in 0.002779 seconds.
Native extension for WindowsStandalone target not found
Native extension for WebGL target not found
Refreshing native plugins compatible for Editor in 32.44 ms, found 2 plugins.
Preloading 0 native plugins for Editor in 0.00 ms.
Mono: successfully reloaded assembly
- Completed reload, in  0.493 seconds
Domain Reload Profiling:
	ReloadAssembly (493ms)
		BeginReloadAssembly (60ms)
			ExecutionOrderSort (0ms)
			DisableScriptedObjects (0ms)
			BackupInstance (0ms)
			ReleaseScriptingObjects (0ms)
			CreateAndSetChildDomain (1ms)
		EndReloadAssembly (368ms)
			LoadAssemblies (58ms)
			RebuildTransferFunctionScriptingTraits (0ms)
			SetupTypeCache (122ms)
			ReleaseScriptCaches (0ms)
			RebuildScriptCaches (25ms)
			SetupLoadedEditorAssemblies (134ms)
				LogAssemblyErrors (0ms)
				InitializePlatformSupportModulesInManaged (4ms)
				SetLoadedEditorAssemblies (0ms)
				RefreshPlugins (33ms)
				BeforeProcessingInitializeOnLoad (11ms)
				ProcessInitializeOnLoadAttributes (65ms)
				ProcessInitializeOnLoadMethodAttributes (21ms)
				AfterProcessingInitializeOnLoad (0ms)
				EditorAssembliesLoaded (0ms)
			ExecutionOrderSort2 (0ms)
			AwakeInstancesAfterBackupRestoration (0ms)
Platform modules already initialized, skipping
Registering precompiled user dll's ...
Registered in 0.003648 seconds.
Begin MonoManager ReloadAssembly
Symbol file LoadedFromMemory doesn't match image C:\Unity\Realm Rush\Library\PackageCache\com.unity.collab-proxy@1.15.15\Lib\Editor\PlasticSCM\unityplastic.dll
Native extension for WindowsStandalone target not found
Native extension for WebGL target not found
Refreshing native plugins compatible for Editor in 0.42 ms, found 2 plugins.
Preloading 0 native plugins for Editor in 0.00 ms.
[ScriptCompilation] NOT recompiling all scripts because this is an import worker process. Reason to compile was: Define symbols changed
Mono: successfully reloaded assembly
- Completed reload, in  0.863 seconds
Domain Reload Profiling:
	ReloadAssembly (864ms)
		BeginReloadAssembly (132ms)
			ExecutionOrderSort (0ms)
			DisableScriptedObjects (4ms)
			BackupInstance (0ms)
			ReleaseScriptingObjects (0ms)
			CreateAndSetChildDomain (18ms)
		EndReloadAssembly (677ms)
			LoadAssemblies (83ms)
			RebuildTransferFunctionScriptingTraits (0ms)
			SetupTypeCache (229ms)
			ReleaseScriptCaches (0ms)
			RebuildScriptCaches (36ms)
			SetupLoadedEditorAssemblies (266ms)
				LogAssemblyErrors (0ms)
				InitializePlatformSupportModulesInManaged (4ms)
				SetLoadedEditorAssemblies (0ms)
				RefreshPlugins (0ms)
				BeforeProcessingInitializeOnLoad (78ms)
				ProcessInitializeOnLoadAttributes (169ms)
				ProcessInitializeOnLoadMethodAttributes (7ms)
				AfterProcessingInitializeOnLoad (7ms)
				EditorAssembliesLoaded (0ms)
			ExecutionOrderSort2 (0ms)
			AwakeInstancesAfterBackupRestoration (5ms)
Platform modules already initialized, skipping
========================================================================
Worker process is ready to serve import requests
Launched and connected shader compiler UnityShaderCompiler.exe after 0.08 seconds
Refreshing native plugins compatible for Editor in 0.42 ms, found 2 plugins.
Preloading 0 native plugins for Editor in 0.00 ms.
Unloading 1654 Unused Serialized files (Serialized files now loaded: 0)
System memory in use before: 81.3 MB.
System memory in use after: 81.4 MB.

Unloading 16 unused Assets to reduce memory usage. Loaded Objects now: 2092.
Total: 2.817600 ms (FindLiveObjects: 0.165200 ms CreateObjectMapping: 0.040700 ms MarkObjects: 2.532000 ms  DeleteObjects: 0.079000 ms)

AssetImportParameters requested are different than current active one (requested -> active):
  custom:framework-win-MediaFoundation: 216162199b28c13a410421893ffa2e32 -> 
  custom:video-decoder-ogg-theora: a1e56fd34408186e4bbccfd4996cb3dc -> 
  custom:container-muxer-webm: aa71ff27fc2769a1b78a27578f13a17b -> 
  custom:container-demuxer-webm: 4f35f7cbe854078d1ac9338744f61a02 -> 
  custom:container-demuxer-ogg: 62fdf1f143b41e24485cea50d1cbac27 -> 
  custom:video-encoder-webm-vp8: eb34c28f22e8b96e1ab97ce403110664 -> 
  custom:video-decoder-webm-vp8: 9c59270c3fd7afecdb556c50c9e8de78 -> 
  custom:audio-decoder-ogg-vorbis: bf7c407c2cedff20999df2af8eb42d56 -> 
  custom:audio-encoder-webm-vorbis: bf7c407c2cedff20999df2af8eb42d56 -> 
========================================================================
Received Import Request.
  path: Assets/PostProcessing
  artifactKey: Guid(e14eb1f425d2f5949ad2c99aaae2b82c) Importer(815301076,1909f56bfc062723c751e8b465ee728b)
Start importing Assets/PostProcessing using Guid(e14eb1f425d2f5949ad2c99aaae2b82c) Importer(815301076,1909f56bfc062723c751e8b465ee728b)  -> (artifact id: 'a6cee0d101d8cb89d816db8ab913195a') in 0.006593 seconds 
========================================================================
Received Import Request.
  Time since last request: 28.017361 seconds.
  path: Assets/PostProcessing/Post-processing Profile.asset
  artifactKey: Guid(274431f12e68878499fe809544736abd) Importer(815301076,1909f56bfc062723c751e8b465ee728b)
Start importing Assets/PostProcessing/Post-processing Profile.asset using Guid(274431f12e68878499fe809544736abd) Importer(815301076,1909f56bfc062723c751e8b465ee728b)  -> (artifact id: '6ae6b68a91900cef555c42df7d95a04f') in 0.031171 seconds 
========================================================================
Received Import Request.
  Time since last request: 56.471121 seconds.
  path: ProjectSettings/TagManager.asset
  artifactKey: Guid(00000000000000003000000000000000) Importer(815301076,1909f56bfc062723c751e8b465ee728b)
Start importing ProjectSettings/TagManager.asset using Guid(00000000000000003000000000000000) Importer(815301076,1909f56bfc062723c751e8b465ee728b)  -> (artifact id: 'c9677130f86559c4a7de0792197feef1') in 0.006149 seconds 
========================================================================
Received Import Request.
  Time since last request: 242.447478 seconds.
  path: Assets/PostProcessing/Post-processing Profile.asset
  artifactKey: Guid(274431f12e68878499fe809544736abd) Importer(815301076,1909f56bfc062723c751e8b465ee728b)
Start importing Assets/PostProcessing/Post-processing Profile.asset using Guid(274431f12e68878499fe809544736abd) Importer(815301076,1909f56bfc062723c751e8b465ee728b)  -> (artifact id: '3721ba01fffeb8382cc89fa36cafa5b0') in 0.011605 seconds 
========================================================================
Received Import Request.
  Time since last request: 272.305678 seconds.
  path: Assets/PostProcessing/Post-processing Profile.asset
  artifactKey: Guid(274431f12e68878499fe809544736abd) Importer(815301076,1909f56bfc062723c751e8b465ee728b)
Start importing Assets/PostProcessing/Post-processing Profile.asset using Guid(274431f12e68878499fe809544736abd) Importer(815301076,1909f56bfc062723c751e8b465ee728b)  -> (artifact id: '046caba47d17581fd907cfc46b4e1f26') in 0.012908 seconds 
========================================================================
Received Import Request.
  Time since last request: 294.677756 seconds.
  path: Assets/PostProcessing/Post-processing Profile.asset
  artifactKey: Guid(274431f12e68878499fe809544736abd) Importer(815301076,1909f56bfc062723c751e8b465ee728b)
Start importing Assets/PostProcessing/Post-processing Profile.asset using Guid(274431f12e68878499fe809544736abd) Importer(815301076,1909f56bfc062723c751e8b465ee728b)  -> (artifact id: '7f85953f59a8a3633f5a337bcf557813') in 0.005220 seconds 
========================================================================
Received Import Request.
  Time since last request: 6.828058 seconds.
  path: Assets/PostProcessing/Post-processing Profile.asset
  artifactKey: Guid(274431f12e68878499fe809544736abd) Importer(815301076,1909f56bfc062723c751e8b465ee728b)
Start importing Assets/PostProcessing/Post-processing Profile.asset using Guid(274431f12e68878499fe809544736abd) Importer(815301076,1909f56bfc062723c751e8b465ee728b)  -> (artifact id: '9d81d89b2b7cb7366bb79f68233bc22d') in 0.004668 seconds 
========================================================================
Received Import Request.
  Time since last request: 121.318087 seconds.
  path: Assets/PostProcessing/Post-processing Profile.asset
  artifactKey: Guid(274431f12e68878499fe809544736abd) Importer(815301076,1909f56bfc062723c751e8b465ee728b)
Start importing Assets/PostProcessing/Post-processing Profile.asset using Guid(274431f12e68878499fe809544736abd) Importer(815301076,1909f56bfc062723c751e8b465ee728b)  -> (artifact id: '138fee3c78ad31bf1571c0bb17f08b46') in 0.006425 seconds 
========================================================================
Received Import Request.
  Time since last request: 30.445029 seconds.
  path: Assets/PostProcessing/Post-processing Profile.asset
  artifactKey: Guid(274431f12e68878499fe809544736abd) Importer(815301076,1909f56bfc062723c751e8b465ee728b)
Start importing Assets/PostProcessing/Post-processing Profile.asset using Guid(274431f12e68878499fe809544736abd) Importer(815301076,1909f56bfc062723c751e8b465ee728b)  -> (artifact id: 'a9045c443ebe89da6ed7b279a611ecd7') in 0.004874 seconds 
========================================================================
Received Import Request.
  Time since last request: 55.806201 seconds.
  path: Assets/PostProcessing/Post-processing Profile.asset
  artifactKey: Guid(274431f12e68878499fe809544736abd) Importer(815301076,1909f56bfc062723c751e8b465ee728b)
Start importing Assets/PostProcessing/Post-processing Profile.asset using Guid(274431f12e68878499fe809544736abd) Importer(815301076,1909f56bfc062723c751e8b465ee728b)  -> (artifact id: '4753de4937c26a89d9aaf4b0ab6d1f1b') in 0.006539 seconds 
========================================================================
Received Prepare
Registering precompiled user dll's ...
Registered in 0.003025 seconds.
Begin MonoManager ReloadAssembly
Symbol file LoadedFromMemory doesn't match image C:\Unity\Realm Rush\Library\PackageCache\com.unity.collab-proxy@1.15.15\Lib\Editor\PlasticSCM\unityplastic.dll
Native extension for WindowsStandalone target not found
Native extension for WebGL target not found
Refreshing native plugins compatible for Editor in 0.43 ms, found 2 plugins.
Preloading 0 native plugins for Editor in 0.00 ms.
Mono: successfully reloaded assembly
- Completed reload, in  0.778 seconds
Domain Reload Profiling:
	ReloadAssembly (779ms)
		BeginReloadAssembly (104ms)
			ExecutionOrderSort (0ms)
			DisableScriptedObjects (4ms)
			BackupInstance (0ms)
			ReleaseScriptingObjects (0ms)
			CreateAndSetChildDomain (29ms)
		EndReloadAssembly (621ms)
			LoadAssemblies (83ms)
			RebuildTransferFunctionScriptingTraits (0ms)
			SetupTypeCache (208ms)
			ReleaseScriptCaches (1ms)
			RebuildScriptCaches (31ms)
			SetupLoadedEditorAssemblies (234ms)
				LogAssemblyErrors (0ms)
				InitializePlatformSupportModulesInManaged (5ms)
				SetLoadedEditorAssemblies (0ms)
				RefreshPlugins (0ms)
				BeforeProcessingInitializeOnLoad (73ms)
				ProcessInitializeOnLoadAttributes (141ms)
				ProcessInitializeOnLoadMethodAttributes (7ms)
				AfterProcessingInitializeOnLoad (8ms)
				EditorAssembliesLoaded (0ms)
			ExecutionOrderSort2 (0ms)
			AwakeInstancesAfterBackupRestoration (6ms)
Platform modules already initialized, skipping
Refreshing native plugins compatible for Editor in 0.43 ms, found 2 plugins.
Preloading 0 native plugins for Editor in 0.00 ms.
Unloading 1608 Unused Serialized files (Serialized files now loaded: 0)
System memory in use before: 77.2 MB.
System memory in use after: 77.3 MB.

Unloading 12 unused Assets to reduce memory usage. Loaded Objects now: 2095.
Total: 2.602300 ms (FindLiveObjects: 0.161400 ms CreateObjectMapping: 0.034800 ms MarkObjects: 2.385600 ms  DeleteObjects: 0.019100 ms)

AssetImportParameters requested are different than current active one (requested -> active):
  custom:framework-win-MediaFoundation: 216162199b28c13a410421893ffa2e32 -> 
  custom:video-decoder-ogg-theora: a1e56fd34408186e4bbccfd4996cb3dc -> 
  custom:container-muxer-webm: aa71ff27fc2769a1b78a27578f13a17b -> 
  custom:container-demuxer-webm: 4f35f7cbe854078d1ac9338744f61a02 -> 
  custom:container-demuxer-ogg: 62fdf1f143b41e24485cea50d1cbac27 -> 
  custom:video-encoder-webm-vp8: eb34c28f22e8b96e1ab97ce403110664 -> 
  custom:video-decoder-webm-vp8: 9c59270c3fd7afecdb556c50c9e8de78 -> 
  custom:audio-decoder-ogg-vorbis: bf7c407c2cedff20999df2af8eb42d56 -> 
  custom:audio-encoder-webm-vorbis: bf7c407c2cedff20999df2af8eb42d56 -> 
========================================================================
Received Import Request.
  Time since last request: 321.701834 seconds.
  path: Assets/PostProcessing/Post-processing Profile.asset
  artifactKey: Guid(274431f12e68878499fe809544736abd) Importer(815301076,1909f56bfc062723c751e8b465ee728b)
Start importing Assets/PostProcessing/Post-processing Profile.asset using Guid(274431f12e68878499fe809544736abd) Importer(815301076,1909f56bfc062723c751e8b465ee728b)  -> (artifact id: '7c220d8e06e86d66900c160ea1d378a7') in 0.026365 seconds 
AssetImportWorkerClient::OnTransportError - code=2 error=End of file
